---------------------------------------------------------------
[ 2020-05-05T16:17:55+08:00 ] 127.0.0.1 GET localhost/tpshop/public/index.php/brand
[运行时间：0.214175s] [吞吐率：4.67req/s] [内存消耗：1,099.06kb] [文件加载：35]
[ info ] [ LANG ] D:\phpStudy\WWW\TpShop\thinkphp\lang\zh-cn.php
[ info ] [ ROUTE ] array (
  'type' => 'module',
  'module' => 
  array (
    0 => 'brand',
    1 => NULL,
    2 => NULL,
  ),
)
[ info ] [ HEADER ] array (
  'upgrade-insecure-requests' => '1',
  'connection' => 'keep-alive',
  'accept-encoding' => 'gzip, deflate',
  'accept-language' => 'zh-CN,zh;q=0.8,zh-TW;q=0.7,zh-HK;q=0.5,en-US;q=0.3,en;q=0.2',
  'accept' => 'text/html,application/xhtml+xml,application/xml;q=0.9,image/webp,*/*;q=0.8',
  'user-agent' => 'Mozilla/5.0 (Windows NT 6.3; Win64; x64; rv:75.0) Gecko/20100101 Firefox/75.0',
  'host' => 'localhost',
  'content-length' => '',
  'content-type' => '',
)
[ info ] [ PARAM ] array (
)
[ info ] [ LOG ] INIT File
---------------------------------------------------------------
[ 2020-05-05T16:18:09+08:00 ] 127.0.0.1 GET localhost/tpshop/public/index.php/brand/index
[运行时间：0.032241s] [吞吐率：31.02req/s] [内存消耗：1,099.08kb] [文件加载：35]
[ info ] [ LANG ] D:\phpStudy\WWW\TpShop\thinkphp\lang\zh-cn.php
[ info ] [ ROUTE ] array (
  'type' => 'module',
  'module' => 
  array (
    0 => 'brand',
    1 => 'index',
    2 => NULL,
  ),
)
[ info ] [ HEADER ] array (
  'upgrade-insecure-requests' => '1',
  'connection' => 'keep-alive',
  'accept-encoding' => 'gzip, deflate',
  'accept-language' => 'zh-CN,zh;q=0.8,zh-TW;q=0.7,zh-HK;q=0.5,en-US;q=0.3,en;q=0.2',
  'accept' => 'text/html,application/xhtml+xml,application/xml;q=0.9,image/webp,*/*;q=0.8',
  'user-agent' => 'Mozilla/5.0 (Windows NT 6.3; Win64; x64; rv:75.0) Gecko/20100101 Firefox/75.0',
  'host' => 'localhost',
  'content-length' => '',
  'content-type' => '',
)
[ info ] [ PARAM ] array (
)
[ info ] [ LOG ] INIT File
---------------------------------------------------------------
[ 2020-05-05T16:18:21+08:00 ] 127.0.0.1 GET localhost/tpshop/public/index.php/admin/brand/index
[运行时间：0.536437s] [吞吐率：1.86req/s] [内存消耗：2,159.23kb] [文件加载：52]
[ info ] [ LANG ] D:\phpStudy\WWW\TpShop\thinkphp\lang\zh-cn.php
[ info ] [ ROUTE ] array (
  'type' => 'module',
  'module' => 
  array (
    0 => 'admin',
    1 => 'brand',
    2 => 'index',
  ),
)
[ info ] [ HEADER ] array (
  'upgrade-insecure-requests' => '1',
  'connection' => 'keep-alive',
  'accept-encoding' => 'gzip, deflate',
  'accept-language' => 'zh-CN,zh;q=0.8,zh-TW;q=0.7,zh-HK;q=0.5,en-US;q=0.3,en;q=0.2',
  'accept' => 'text/html,application/xhtml+xml,application/xml;q=0.9,image/webp,*/*;q=0.8',
  'user-agent' => 'Mozilla/5.0 (Windows NT 6.3; Win64; x64; rv:75.0) Gecko/20100101 Firefox/75.0',
  'host' => 'localhost',
  'content-length' => '',
  'content-type' => '',
)
[ info ] [ PARAM ] array (
)
[ info ] [ RUN ] app\admin\controller\Brand->index[ D:\phpStudy\WWW\TpShop\application\admin\controller\Brand.php ]
[ info ] [ DB ] INIT mysql
[ info ] [ VIEW ] D:\phpStudy\WWW\TpShop\public/../application/admin\view\brand\list.html [ array (
  0 => 'brand',
) ]
[ info ] [ LOG ] INIT File
[ sql ] [ DB ] CONNECT:[ UseTime:0.056349s ] mysql:host=127.0.0.1;dbname=tpshop;charset=utf8
[ sql ] [ SQL ] SHOW COLUMNS FROM `tp_brand` [ RunTime:0.163619s ]
[ sql ] [ SQL ] SELECT * FROM `tp_brand` [ RunTime:0.000844s ]
---------------------------------------------------------------
[ 2020-05-05T16:18:47+08:00 ] 127.0.0.1 GET localhost/tpshop/public/index.php/admin/article/index.html
[运行时间：0.287220s] [吞吐率：3.48req/s] [内存消耗：2,275.51kb] [文件加载：56]
[ info ] [ LANG ] D:\phpStudy\WWW\TpShop\thinkphp\lang\zh-cn.php
[ info ] [ ROUTE ] array (
  'type' => 'module',
  'module' => 
  array (
    0 => 'admin',
    1 => 'article',
    2 => 'index',
  ),
)
[ info ] [ HEADER ] array (
  'upgrade-insecure-requests' => '1',
  'referer' => 'http://localhost/tpshop/public/index.php/admin/brand/index',
  'connection' => 'keep-alive',
  'accept-encoding' => 'gzip, deflate',
  'accept-language' => 'zh-CN,zh;q=0.8,zh-TW;q=0.7,zh-HK;q=0.5,en-US;q=0.3,en;q=0.2',
  'accept' => 'text/html,application/xhtml+xml,application/xml;q=0.9,image/webp,*/*;q=0.8',
  'user-agent' => 'Mozilla/5.0 (Windows NT 6.3; Win64; x64; rv:75.0) Gecko/20100101 Firefox/75.0',
  'host' => 'localhost',
  'content-length' => '',
  'content-type' => '',
)
[ info ] [ PARAM ] array (
)
[ info ] [ RUN ] app\admin\controller\Article->index[ D:\phpStudy\WWW\TpShop\application\admin\controller\Article.php ]
[ info ] [ DB ] INIT mysql
[ info ] [ VIEW ] D:\phpStudy\WWW\TpShop\public/../application/admin\view\article\list.html [ array (
  0 => 'arts',
) ]
[ info ] [ LOG ] INIT File
[ sql ] [ DB ] CONNECT:[ UseTime:0.010875s ] mysql:host=127.0.0.1;dbname=tpshop;charset=utf8
[ sql ] [ SQL ] SHOW COLUMNS FROM `tp_article` [ RunTime:0.036757s ]
[ sql ] [ SQL ] SELECT COUNT(*) AS tp_count FROM `tp_article` `a` INNER JOIN `tp_cate` `b` ON `a`.`cate_id`=`b`.`id` LIMIT 1 [ RunTime:0.072897s ]
[ sql ] [ SQL ] SELECT `a`.*,`b`.`cate_name` FROM `tp_article` `a` INNER JOIN `tp_cate` `b` ON `a`.`cate_id`=`b`.`id` LIMIT 0,2 [ RunTime:0.001625s ]
---------------------------------------------------------------
[ 2020-05-05T16:18:59+08:00 ] 127.0.0.1 GET localhost/tpshop/public/index.php/admin/article/picmg.html
[运行时间：0.050478s] [吞吐率：19.81req/s] [内存消耗：1,552.50kb] [文件加载：45]
[ info ] [ LANG ] D:\phpStudy\WWW\TpShop\thinkphp\lang\zh-cn.php
[ info ] [ ROUTE ] array (
  'type' => 'module',
  'module' => 
  array (
    0 => 'admin',
    1 => 'article',
    2 => 'picmg',
  ),
)
[ info ] [ HEADER ] array (
  'upgrade-insecure-requests' => '1',
  'referer' => 'http://localhost/tpshop/public/index.php/admin/article/index.html',
  'connection' => 'keep-alive',
  'accept-encoding' => 'gzip, deflate',
  'accept-language' => 'zh-CN,zh;q=0.8,zh-TW;q=0.7,zh-HK;q=0.5,en-US;q=0.3,en;q=0.2',
  'accept' => 'text/html,application/xhtml+xml,application/xml;q=0.9,image/webp,*/*;q=0.8',
  'user-agent' => 'Mozilla/5.0 (Windows NT 6.3; Win64; x64; rv:75.0) Gecko/20100101 Firefox/75.0',
  'host' => 'localhost',
  'content-length' => '',
  'content-type' => '',
)
[ info ] [ PARAM ] array (
)
[ info ] [ RUN ] app\admin\controller\Article->picmg[ D:\phpStudy\WWW\TpShop\application\admin\controller\Article.php ]
[ info ] [ VIEW ] D:\phpStudy\WWW\TpShop\public/../application/admin\view\article\picmg.html [ array (
  0 => 'imgs',
) ]
[ info ] [ LOG ] INIT File
---------------------------------------------------------------
[ 2020-05-05T16:19:55+08:00 ] 127.0.0.1 GET localhost/tpshop/public/index.php/admin/article/picmg.html
[运行时间：0.033282s] [吞吐率：30.05req/s] [内存消耗：1,396.08kb] [文件加载：43]
[ info ] [ LANG ] D:\phpStudy\WWW\TpShop\thinkphp\lang\zh-cn.php
[ info ] [ ROUTE ] array (
  'type' => 'module',
  'module' => 
  array (
    0 => 'admin',
    1 => 'article',
    2 => 'picmg',
  ),
)
[ info ] [ HEADER ] array (
  'upgrade-insecure-requests' => '1',
  'referer' => 'http://localhost/tpshop/public/index.php/admin/article/picmg.html',
  'connection' => 'keep-alive',
  'accept-encoding' => 'gzip, deflate',
  'accept-language' => 'zh-CN,zh;q=0.8,zh-TW;q=0.7,zh-HK;q=0.5,en-US;q=0.3,en;q=0.2',
  'accept' => 'text/html,application/xhtml+xml,application/xml;q=0.9,image/webp,*/*;q=0.8',
  'user-agent' => 'Mozilla/5.0 (Windows NT 6.3; Win64; x64; rv:75.0) Gecko/20100101 Firefox/75.0',
  'host' => 'localhost',
  'content-length' => '',
  'content-type' => '',
)
[ info ] [ PARAM ] array (
)
[ info ] [ RUN ] app\admin\controller\Article->picmg[ D:\phpStudy\WWW\TpShop\application\admin\controller\Article.php ]
[ info ] [ VIEW ] D:\phpStudy\WWW\TpShop\public/../application/admin\view\article\picmg.html [ array (
  0 => 'imgs',
) ]
[ info ] [ LOG ] INIT File
---------------------------------------------------------------
[ 2020-05-05T16:19:59+08:00 ] 127.0.0.1 GET localhost/tpshop/public/index.php/admin/cate/index.html
[运行时间：0.098574s] [吞吐率：10.14req/s] [内存消耗：2,178.09kb] [文件加载：53]
[ info ] [ LANG ] D:\phpStudy\WWW\TpShop\thinkphp\lang\zh-cn.php
[ info ] [ ROUTE ] array (
  'type' => 'module',
  'module' => 
  array (
    0 => 'admin',
    1 => 'cate',
    2 => 'index',
  ),
)
[ info ] [ HEADER ] array (
  'upgrade-insecure-requests' => '1',
  'referer' => 'http://localhost/tpshop/public/index.php/admin/article/picmg.html',
  'connection' => 'keep-alive',
  'accept-encoding' => 'gzip, deflate',
  'accept-language' => 'zh-CN,zh;q=0.8,zh-TW;q=0.7,zh-HK;q=0.5,en-US;q=0.3,en;q=0.2',
  'accept' => 'text/html,application/xhtml+xml,application/xml;q=0.9,image/webp,*/*;q=0.8',
  'user-agent' => 'Mozilla/5.0 (Windows NT 6.3; Win64; x64; rv:75.0) Gecko/20100101 Firefox/75.0',
  'host' => 'localhost',
  'content-length' => '',
  'content-type' => '',
)
[ info ] [ PARAM ] array (
)
[ info ] [ RUN ] app\admin\controller\Cate->index[ D:\phpStudy\WWW\TpShop\application\admin\controller\Cate.php ]
[ info ] [ DB ] INIT mysql
[ info ] [ VIEW ] D:\phpStudy\WWW\TpShop\public/../application/admin\view\cate\list.html [ array (
  0 => 'cates',
) ]
[ info ] [ LOG ] INIT File
[ sql ] [ DB ] CONNECT:[ UseTime:0.001216s ] mysql:host=127.0.0.1;dbname=tpshop;charset=utf8
[ sql ] [ SQL ] SHOW COLUMNS FROM `tp_cate` [ RunTime:0.013260s ]
[ sql ] [ SQL ] SELECT * FROM `tp_cate` ORDER BY `id` ASC [ RunTime:0.000539s ]
---------------------------------------------------------------
[ 2020-05-05T16:20:59+08:00 ] 127.0.0.1 GET localhost/tpshop/public/index.php/admin/cate/index.html
[运行时间：0.078149s] [吞吐率：12.80req/s] [内存消耗：2,178.27kb] [文件加载：53]
[ info ] [ LANG ] D:\phpStudy\WWW\TpShop\thinkphp\lang\zh-cn.php
[ info ] [ ROUTE ] array (
  'type' => 'module',
  'module' => 
  array (
    0 => 'admin',
    1 => 'cate',
    2 => 'index',
  ),
)
[ info ] [ HEADER ] array (
  'cache-control' => 'max-age=0',
  'upgrade-insecure-requests' => '1',
  'connection' => 'keep-alive',
  'referer' => 'http://localhost/tpshop/public/index.php/admin/article/picmg.html',
  'accept-encoding' => 'gzip, deflate',
  'accept-language' => 'zh-CN,zh;q=0.8,zh-TW;q=0.7,zh-HK;q=0.5,en-US;q=0.3,en;q=0.2',
  'accept' => 'text/html,application/xhtml+xml,application/xml;q=0.9,image/webp,*/*;q=0.8',
  'user-agent' => 'Mozilla/5.0 (Windows NT 6.3; Win64; x64; rv:75.0) Gecko/20100101 Firefox/75.0',
  'host' => 'localhost',
  'content-length' => '',
  'content-type' => '',
)
[ info ] [ PARAM ] array (
)
[ info ] [ RUN ] app\admin\controller\Cate->index[ D:\phpStudy\WWW\TpShop\application\admin\controller\Cate.php ]
[ info ] [ DB ] INIT mysql
[ info ] [ VIEW ] D:\phpStudy\WWW\TpShop\public/../application/admin\view\cate\list.html [ array (
  0 => 'cates',
) ]
[ info ] [ LOG ] INIT File
[ sql ] [ DB ] CONNECT:[ UseTime:0.001129s ] mysql:host=127.0.0.1;dbname=tpshop;charset=utf8
[ sql ] [ SQL ] SHOW COLUMNS FROM `tp_cate` [ RunTime:0.011153s ]
[ sql ] [ SQL ] SELECT * FROM `tp_cate` ORDER BY `id` ASC [ RunTime:0.000517s ]
---------------------------------------------------------------
[ 2020-05-05T16:21:02+08:00 ] 127.0.0.1 GET localhost/tpshop/public/index.php/admin/cate/index.html
[运行时间：0.052645s] [吞吐率：19.00req/s] [内存消耗：2,027.46kb] [文件加载：51]
[ info ] [ LANG ] D:\phpStudy\WWW\TpShop\thinkphp\lang\zh-cn.php
[ info ] [ ROUTE ] array (
  'type' => 'module',
  'module' => 
  array (
    0 => 'admin',
    1 => 'cate',
    2 => 'index',
  ),
)
[ info ] [ HEADER ] array (
  'cache-control' => 'max-age=0',
  'upgrade-insecure-requests' => '1',
  'connection' => 'keep-alive',
  'referer' => 'http://localhost/tpshop/public/index.php/admin/article/picmg.html',
  'accept-encoding' => 'gzip, deflate',
  'accept-language' => 'zh-CN,zh;q=0.8,zh-TW;q=0.7,zh-HK;q=0.5,en-US;q=0.3,en;q=0.2',
  'accept' => 'text/html,application/xhtml+xml,application/xml;q=0.9,image/webp,*/*;q=0.8',
  'user-agent' => 'Mozilla/5.0 (Windows NT 6.3; Win64; x64; rv:75.0) Gecko/20100101 Firefox/75.0',
  'host' => 'localhost',
  'content-length' => '',
  'content-type' => '',
)
[ info ] [ PARAM ] array (
)
[ info ] [ RUN ] app\admin\controller\Cate->index[ D:\phpStudy\WWW\TpShop\application\admin\controller\Cate.php ]
[ info ] [ DB ] INIT mysql
[ info ] [ VIEW ] D:\phpStudy\WWW\TpShop\public/../application/admin\view\cate\list.html [ array (
  0 => 'cates',
) ]
[ info ] [ LOG ] INIT File
[ sql ] [ DB ] CONNECT:[ UseTime:0.001073s ] mysql:host=127.0.0.1;dbname=tpshop;charset=utf8
[ sql ] [ SQL ] SHOW COLUMNS FROM `tp_cate` [ RunTime:0.011031s ]
[ sql ] [ SQL ] SELECT * FROM `tp_cate` ORDER BY `id` ASC [ RunTime:0.000498s ]
---------------------------------------------------------------
[ 2020-05-05T16:21:04+08:00 ] 127.0.0.1 GET localhost/tpshop/public/index.php/admin/link/index.html
[运行时间：0.152417s] [吞吐率：6.56req/s] [内存消耗：1,520.81kb] [文件加载：49]
[ info ] [ LANG ] D:\phpStudy\WWW\TpShop\thinkphp\lang\zh-cn.php
[ info ] [ ROUTE ] array (
  'type' => 'module',
  'module' => 
  array (
    0 => 'admin',
    1 => 'link',
    2 => 'index',
  ),
)
[ info ] [ HEADER ] array (
  'upgrade-insecure-requests' => '1',
  'referer' => 'http://localhost/tpshop/public/index.php/admin/cate/index.html',
  'connection' => 'keep-alive',
  'accept-encoding' => 'gzip, deflate',
  'accept-language' => 'zh-CN,zh;q=0.8,zh-TW;q=0.7,zh-HK;q=0.5,en-US;q=0.3,en;q=0.2',
  'accept' => 'text/html,application/xhtml+xml,application/xml;q=0.9,image/webp,*/*;q=0.8',
  'user-agent' => 'Mozilla/5.0 (Windows NT 6.3; Win64; x64; rv:75.0) Gecko/20100101 Firefox/75.0',
  'host' => 'localhost',
  'content-length' => '',
  'content-type' => '',
)
[ info ] [ PARAM ] array (
)
[ info ] [ RUN ] app\admin\controller\Link->index[ D:\phpStudy\WWW\TpShop\application\admin\controller\Link.php ]
[ info ] [ VIEW ] D:\phpStudy\WWW\TpShop\public/../application/admin\view\link\list.html [ array (
) ]
[ info ] [ LOG ] INIT File
[ error ] [8]未定义变量: brand[D:\phpStudy\WWW\TpShop\runtime\temp\826b7b92625af6a39e4fff5ff55a93ca.php:444]
