---------------------------------------------------------------
[ 2020-05-07T11:14:49+08:00 ] 127.0.0.1 GET localhost/tpshop/public/index.php/admin/brand
[运行时间：0.259154s] [吞吐率：3.86req/s] [内存消耗：2,159.09kb] [文件加载：52]
[ info ] [ LANG ] D:\phpStudy\WWW\TpShop\thinkphp\lang\zh-cn.php
[ info ] [ ROUTE ] array (
  'type' => 'module',
  'module' => 
  array (
    0 => 'admin',
    1 => 'brand',
    2 => NULL,
  ),
)
[ info ] [ HEADER ] array (
  'upgrade-insecure-requests' => '1',
  'connection' => 'keep-alive',
  'accept-encoding' => 'gzip, deflate',
  'accept-language' => 'zh-CN,zh;q=0.8,zh-TW;q=0.7,zh-HK;q=0.5,en-US;q=0.3,en;q=0.2',
  'accept' => 'text/html,application/xhtml+xml,application/xml;q=0.9,image/webp,*/*;q=0.8',
  'user-agent' => 'Mozilla/5.0 (Windows NT 6.3; Win64; x64; rv:76.0) Gecko/20100101 Firefox/76.0',
  'host' => 'localhost',
  'content-length' => '',
  'content-type' => '',
)
[ info ] [ PARAM ] array (
)
[ info ] [ RUN ] app\admin\controller\Brand->index[ D:\phpStudy\WWW\TpShop\application\admin\controller\Brand.php ]
[ info ] [ DB ] INIT mysql
[ info ] [ VIEW ] D:\phpStudy\WWW\TpShop\public/../application/admin\view\brand\list.html [ array (
  0 => 'brand',
) ]
[ info ] [ LOG ] INIT File
[ sql ] [ DB ] CONNECT:[ UseTime:0.007291s ] mysql:host=127.0.0.1;dbname=tpshop;charset=utf8
[ sql ] [ SQL ] SHOW COLUMNS FROM `tp_brand` [ RunTime:0.026475s ]
[ sql ] [ SQL ] SELECT * FROM `tp_brand` [ RunTime:0.000508s ]
---------------------------------------------------------------
[ 2020-05-07T11:15:00+08:00 ] 127.0.0.1 GET localhost/tpshop/public/index.php/admin/link/index.html
[运行时间：0.106959s] [吞吐率：9.35req/s] [内存消耗：1,382.44kb] [文件加载：47]
[ info ] [ LANG ] D:\phpStudy\WWW\TpShop\thinkphp\lang\zh-cn.php
[ info ] [ ROUTE ] array (
  'type' => 'module',
  'module' => 
  array (
    0 => 'admin',
    1 => 'link',
    2 => 'index',
  ),
)
[ info ] [ HEADER ] array (
  'upgrade-insecure-requests' => '1',
  'referer' => 'http://localhost/tpshop/public/index.php/admin/brand',
  'connection' => 'keep-alive',
  'accept-encoding' => 'gzip, deflate',
  'accept-language' => 'zh-CN,zh;q=0.8,zh-TW;q=0.7,zh-HK;q=0.5,en-US;q=0.3,en;q=0.2',
  'accept' => 'text/html,application/xhtml+xml,application/xml;q=0.9,image/webp,*/*;q=0.8',
  'user-agent' => 'Mozilla/5.0 (Windows NT 6.3; Win64; x64; rv:76.0) Gecko/20100101 Firefox/76.0',
  'host' => 'localhost',
  'content-length' => '',
  'content-type' => '',
)
[ info ] [ PARAM ] array (
)
[ info ] [ RUN ] app\admin\controller\Link->index[ D:\phpStudy\WWW\TpShop\application\admin\controller\Link.php ]
[ info ] [ VIEW ] D:\phpStudy\WWW\TpShop\public/../application/admin\view\link\list.html [ array (
) ]
[ info ] [ LOG ] INIT File
[ error ] [8]未定义变量: brand[D:\phpStudy\WWW\TpShop\runtime\temp\826b7b92625af6a39e4fff5ff55a93ca.php:444]
---------------------------------------------------------------
[ 2020-05-07T11:15:04+08:00 ] 127.0.0.1 GET localhost/tpshop/public/index.php/admin/link/index.html
[运行时间：0.045485s] [吞吐率：21.99req/s] [内存消耗：1,382.44kb] [文件加载：47]
[ info ] [ LANG ] D:\phpStudy\WWW\TpShop\thinkphp\lang\zh-cn.php
[ info ] [ ROUTE ] array (
  'type' => 'module',
  'module' => 
  array (
    0 => 'admin',
    1 => 'link',
    2 => 'index',
  ),
)
[ info ] [ HEADER ] array (
  'upgrade-insecure-requests' => '1',
  'referer' => 'http://localhost/tpshop/public/index.php/admin/brand',
  'connection' => 'keep-alive',
  'accept-encoding' => 'gzip, deflate',
  'accept-language' => 'zh-CN,zh;q=0.8,zh-TW;q=0.7,zh-HK;q=0.5,en-US;q=0.3,en;q=0.2',
  'accept' => 'text/html,application/xhtml+xml,application/xml;q=0.9,image/webp,*/*;q=0.8',
  'user-agent' => 'Mozilla/5.0 (Windows NT 6.3; Win64; x64; rv:76.0) Gecko/20100101 Firefox/76.0',
  'host' => 'localhost',
  'content-length' => '',
  'content-type' => '',
)
[ info ] [ PARAM ] array (
)
[ info ] [ RUN ] app\admin\controller\Link->index[ D:\phpStudy\WWW\TpShop\application\admin\controller\Link.php ]
[ info ] [ VIEW ] D:\phpStudy\WWW\TpShop\public/../application/admin\view\link\list.html [ array (
) ]
[ info ] [ LOG ] INIT File
[ error ] [8]未定义变量: brand[D:\phpStudy\WWW\TpShop\runtime\temp\826b7b92625af6a39e4fff5ff55a93ca.php:444]
---------------------------------------------------------------
[ 2020-05-07T11:15:38+08:00 ] 127.0.0.1 GET localhost/tpshop/public/index.php/admin/link/index.html
[运行时间：0.048012s] [吞吐率：20.83req/s] [内存消耗：1,382.44kb] [文件加载：47]
[ info ] [ LANG ] D:\phpStudy\WWW\TpShop\thinkphp\lang\zh-cn.php
[ info ] [ ROUTE ] array (
  'type' => 'module',
  'module' => 
  array (
    0 => 'admin',
    1 => 'link',
    2 => 'index',
  ),
)
[ info ] [ HEADER ] array (
  'upgrade-insecure-requests' => '1',
  'referer' => 'http://localhost/tpshop/public/index.php/admin/brand',
  'connection' => 'keep-alive',
  'accept-encoding' => 'gzip, deflate',
  'accept-language' => 'zh-CN,zh;q=0.8,zh-TW;q=0.7,zh-HK;q=0.5,en-US;q=0.3,en;q=0.2',
  'accept' => 'text/html,application/xhtml+xml,application/xml;q=0.9,image/webp,*/*;q=0.8',
  'user-agent' => 'Mozilla/5.0 (Windows NT 6.3; Win64; x64; rv:76.0) Gecko/20100101 Firefox/76.0',
  'host' => 'localhost',
  'content-length' => '',
  'content-type' => '',
)
[ info ] [ PARAM ] array (
)
[ info ] [ RUN ] app\admin\controller\Link->index[ D:\phpStudy\WWW\TpShop\application\admin\controller\Link.php ]
[ info ] [ VIEW ] D:\phpStudy\WWW\TpShop\public/../application/admin\view\link\list.html [ array (
) ]
[ info ] [ LOG ] INIT File
[ error ] [8]未定义变量: brand[D:\phpStudy\WWW\TpShop\runtime\temp\826b7b92625af6a39e4fff5ff55a93ca.php:444]
