---------------------------------------------------------------
[ 2020-05-11T08:25:09+08:00 ] 127.0.0.1 GET localhost/tpshop/public/index.php/admin/brand
[运行时间：0.106191s] [吞吐率：9.42req/s] [内存消耗：2,158.88kb] [文件加载：52]
[ info ] [ LANG ] D:\phpStudy\WWW\TpShop\thinkphp\lang\zh-cn.php
[ info ] [ ROUTE ] array (
  'type' => 'module',
  'module' => 
  array (
    0 => 'admin',
    1 => 'brand',
    2 => NULL,
  ),
)
[ info ] [ HEADER ] array (
  'upgrade-insecure-requests' => '1',
  'connection' => 'keep-alive',
  'accept-encoding' => 'gzip, deflate',
  'accept-language' => 'zh-CN,zh;q=0.8,zh-TW;q=0.7,zh-HK;q=0.5,en-US;q=0.3,en;q=0.2',
  'accept' => 'text/html,application/xhtml+xml,application/xml;q=0.9,image/webp,*/*;q=0.8',
  'user-agent' => 'Mozilla/5.0 (Windows NT 6.3; Win64; x64; rv:76.0) Gecko/20100101 Firefox/76.0',
  'host' => 'localhost',
  'content-length' => '',
  'content-type' => '',
)
[ info ] [ PARAM ] array (
)
[ info ] [ RUN ] app\admin\controller\Brand->index[ D:\phpStudy\WWW\TpShop\application\admin\controller\Brand.php ]
[ info ] [ DB ] INIT mysql
[ info ] [ VIEW ] D:\phpStudy\WWW\TpShop\public/../application/admin\view\brand\list.html [ array (
  0 => 'brand',
) ]
[ info ] [ LOG ] INIT File
[ sql ] [ DB ] CONNECT:[ UseTime:0.001537s ] mysql:host=127.0.0.1;dbname=tpshop;charset=utf8
[ sql ] [ SQL ] SHOW COLUMNS FROM `tp_brand` [ RunTime:0.014828s ]
[ sql ] [ SQL ] SELECT * FROM `tp_brand` [ RunTime:0.000854s ]
---------------------------------------------------------------
[ 2020-05-11T08:25:12+08:00 ] 127.0.0.1 GET localhost/tpshop/public/index.php/admin/brand
[运行时间：0.070950s] [吞吐率：14.09req/s] [内存消耗：2,017.48kb] [文件加载：50]
[ info ] [ LANG ] D:\phpStudy\WWW\TpShop\thinkphp\lang\zh-cn.php
[ info ] [ ROUTE ] array (
  'type' => 'module',
  'module' => 
  array (
    0 => 'admin',
    1 => 'brand',
    2 => NULL,
  ),
)
[ info ] [ HEADER ] array (
  'cache-control' => 'no-cache',
  'pragma' => 'no-cache',
  'upgrade-insecure-requests' => '1',
  'connection' => 'keep-alive',
  'dnt' => '1',
  'accept-encoding' => 'gzip, deflate',
  'accept-language' => 'zh-CN,zh;q=0.8,zh-TW;q=0.7,zh-HK;q=0.5,en-US;q=0.3,en;q=0.2',
  'accept' => 'text/html,application/xhtml+xml,application/xml;q=0.9,image/webp,*/*;q=0.8',
  'user-agent' => 'Mozilla/5.0 (Windows NT 6.3; Win64; x64; rv:76.0) Gecko/20100101 Firefox/76.0',
  'host' => 'localhost',
  'content-length' => '',
  'content-type' => '',
)
[ info ] [ PARAM ] array (
)
[ info ] [ RUN ] app\admin\controller\Brand->index[ D:\phpStudy\WWW\TpShop\application\admin\controller\Brand.php ]
[ info ] [ DB ] INIT mysql
[ info ] [ VIEW ] D:\phpStudy\WWW\TpShop\public/../application/admin\view\brand\list.html [ array (
  0 => 'brand',
) ]
[ info ] [ LOG ] INIT File
[ sql ] [ DB ] CONNECT:[ UseTime:0.001121s ] mysql:host=127.0.0.1;dbname=tpshop;charset=utf8
[ sql ] [ SQL ] SHOW COLUMNS FROM `tp_brand` [ RunTime:0.013890s ]
[ sql ] [ SQL ] SELECT * FROM `tp_brand` [ RunTime:0.000536s ]
---------------------------------------------------------------
[ 2020-05-11T08:27:31+08:00 ] 127.0.0.1 GET localhost/tpshop/public/index.php/admin/link/index.html
[运行时间：0.077363s] [吞吐率：12.93req/s] [内存消耗：2,016.73kb] [文件加载：50]
[ info ] [ LANG ] D:\phpStudy\WWW\TpShop\thinkphp\lang\zh-cn.php
[ info ] [ ROUTE ] array (
  'type' => 'module',
  'module' => 
  array (
    0 => 'admin',
    1 => 'link',
    2 => 'index',
  ),
)
[ info ] [ HEADER ] array (
  'upgrade-insecure-requests' => '1',
  'referer' => 'http://localhost/tpshop/public/index.php/admin/brand',
  'connection' => 'keep-alive',
  'accept-encoding' => 'gzip, deflate',
  'accept-language' => 'zh-CN,zh;q=0.8,zh-TW;q=0.7,zh-HK;q=0.5,en-US;q=0.3,en;q=0.2',
  'accept' => 'text/html,application/xhtml+xml,application/xml;q=0.9,image/webp,*/*;q=0.8',
  'user-agent' => 'Mozilla/5.0 (Windows NT 6.3; Win64; x64; rv:76.0) Gecko/20100101 Firefox/76.0',
  'host' => 'localhost',
  'content-length' => '',
  'content-type' => '',
)
[ info ] [ PARAM ] array (
)
[ info ] [ RUN ] app\admin\controller\Link->index[ D:\phpStudy\WWW\TpShop\application\admin\controller\Link.php ]
[ info ] [ DB ] INIT mysql
[ info ] [ VIEW ] D:\phpStudy\WWW\TpShop\public/../application/admin\view\link\list.html [ array (
  0 => 'links',
) ]
[ info ] [ LOG ] INIT File
[ sql ] [ DB ] CONNECT:[ UseTime:0.010056s ] mysql:host=127.0.0.1;dbname=tpshop;charset=utf8
[ sql ] [ SQL ] SHOW COLUMNS FROM `tp_link` [ RunTime:0.012922s ]
[ sql ] [ SQL ] SELECT * FROM `tp_link` [ RunTime:0.000744s ]
