---------------------------------------------------------------
[ 2020-04-22T11:39:02+08:00 ] 127.0.0.1 GET localhost/tpshop/public/index.php/admin/bradn
[运行时间：0.198162s] [吞吐率：5.05req/s] [内存消耗：1,105.41kb] [文件加载：38]
[ info ] [ LANG ] D:\phpStudy\WWW\TpShop\thinkphp\lang\zh-cn.php
[ info ] [ ROUTE ] array (
  'type' => 'module',
  'module' => 
  array (
    0 => 'admin',
    1 => 'bradn',
    2 => NULL,
  ),
)
[ info ] [ HEADER ] array (
  'upgrade-insecure-requests' => '1',
  'connection' => 'keep-alive',
  'accept-encoding' => 'gzip, deflate',
  'accept-language' => 'zh-CN,zh;q=0.8,zh-TW;q=0.7,zh-HK;q=0.5,en-US;q=0.3,en;q=0.2',
  'accept' => 'text/html,application/xhtml+xml,application/xml;q=0.9,image/webp,*/*;q=0.8',
  'user-agent' => 'Mozilla/5.0 (Windows NT 6.3; Win64; x64; rv:75.0) Gecko/20100101 Firefox/75.0',
  'host' => 'localhost',
  'content-length' => '',
  'content-type' => '',
)
[ info ] [ PARAM ] array (
)
[ info ] [ LOG ] INIT File
---------------------------------------------------------------
[ 2020-04-22T11:39:07+08:00 ] 127.0.0.1 GET localhost/tpshop/public/index.php/admin/brand
[运行时间：0.428110s] [吞吐率：2.34req/s] [内存消耗：2,153.14kb] [文件加载：52]
[ info ] [ LANG ] D:\phpStudy\WWW\TpShop\thinkphp\lang\zh-cn.php
[ info ] [ ROUTE ] array (
  'type' => 'module',
  'module' => 
  array (
    0 => 'admin',
    1 => 'brand',
    2 => NULL,
  ),
)
[ info ] [ HEADER ] array (
  'upgrade-insecure-requests' => '1',
  'connection' => 'keep-alive',
  'accept-encoding' => 'gzip, deflate',
  'accept-language' => 'zh-CN,zh;q=0.8,zh-TW;q=0.7,zh-HK;q=0.5,en-US;q=0.3,en;q=0.2',
  'accept' => 'text/html,application/xhtml+xml,application/xml;q=0.9,image/webp,*/*;q=0.8',
  'user-agent' => 'Mozilla/5.0 (Windows NT 6.3; Win64; x64; rv:75.0) Gecko/20100101 Firefox/75.0',
  'host' => 'localhost',
  'content-length' => '',
  'content-type' => '',
)
[ info ] [ PARAM ] array (
)
[ info ] [ RUN ] app\admin\controller\Brand->index[ D:\phpStudy\WWW\TpShop\application\admin\controller\Brand.php ]
[ info ] [ DB ] INIT mysql
[ info ] [ VIEW ] D:\phpStudy\WWW\TpShop\public/../application/admin\view\brand\index.html [ array (
  0 => 'brand',
) ]
[ info ] [ LOG ] INIT File
[ sql ] [ DB ] CONNECT:[ UseTime:0.140840s ] mysql:host=127.0.0.1;dbname=tpshop;charset=utf8
[ sql ] [ SQL ] SHOW COLUMNS FROM `tp_brand` [ RunTime:0.179482s ]
[ sql ] [ SQL ] SELECT * FROM `tp_brand` [ RunTime:0.001115s ]
